============================================================
Problem 1a: Find P(X + Y > 0)
============================================================

Parameters:
μ_X = 1
σ²_X = 2, σ_X = 1.414214
μ_Y = -2
σ²_Y = 3, σ_Y = 1.732051
ρ = -0.666667

Z = X + Y is normal with:
μ_Z = μ_X + μ_Y = 1 + (-2) = -1
σ²_Z = σ²_X + σ²_Y + 2ρσ_Xσ_Y
     = 2 + 3 + 2(-0.666667)(1.414214)(1.732051)
     = 1.7340136763
σ_Z = 1.3168195306

P(X + Y > 0) = P(Z > 0)
            = 1 - Φ((0 - μ_Z)/σ_Z)
            = 1 - Φ((0 - (-1))/1.3168195306)
            = 1 - Φ(0.7594055045)
            = 0.2238050109

============================================================
EXACT SYMBOLIC COMPUTATION:
============================================================
μ_Z = -1
σ²_Z = 5 - 4*sqrt(6)/3 = 5 - 4*sqrt(6)/3
σ_Z = sqrt(5 - 4*sqrt(6)/3) = sqrt(45 - 12*sqrt(6))/3
z-score = 1/sqrt(5 - 4*sqrt(6)/3) = sqrt(3)/sqrt(15 - 4*sqrt(6))

Numerical verification:
z-score (symbolic→numeric): 0.7594055045
z-score (direct numeric):   0.7594055045
Difference: 1.11e-16

σ_Z (symbolic→numeric): 1.3168195306
σ_Z (direct numeric):   1.3168195306
Difference: 2.22e-16

============================================================
VERIFICATION:
============================================================
Monte Carlo (n=10000000): P(X + Y > 0) = 0.2236091000
Theoretical:                  P(X + Y > 0) = 0.2238050109
Difference: 1.96e-04
Check: |difference| < 1e-3: True

============================================================
FINAL ANSWER:
============================================================
P(X + Y > 0) = 0.2238050109
             ≈ 0.223805
