============================================================
Problem 4: Conditional Probability in Bivariate Normal
============================================================

Parameters:
Test A: μ_A = 85, σ_A = 10
Test B: μ_B = 90, σ_B = 16
Correlation: ρ = 0.8
Observed: A = 80

Conditional distribution B | A = 80:
E[B | A = 80] = μ_B + ρ(σ_B/σ_A)(A - μ_A)
               = 90 + 0.8(16/10)(80 - 85)
               = 90 + 1.2800000000000002(-5)
               = 83.6

Var(B | A = 80) = σ²_B(1 - ρ²)
                 = 256(1 - 0.8²)
                 = 256(0.3599999999999999)
                 = 92.15999999999997
σ(B | A = 80) = 9.599999999999998

P(B > 90 | A = 80):
  = 1 - Φ((90 - 83.6) / 9.599999999999998)
  = 1 - Φ(0.6666666667)
  = 0.2524925375

============================================================
EXACT SYMBOLIC COMPUTATION:
============================================================
ρ = 4/5
E[B | A = 80] = 418/5
Var(B | A = 80) = 2304/25
σ(B | A = 80) = 48/5 = 48/5
z-score = 2/3 = 2/3

Numerical verification:
E[B|A=80] (symbolic→numeric): 83.6000000000
E[B|A=80] (direct):            83.6000000000
Difference: 0.00e+00

σ(B|A=80) (symbolic→numeric): 9.6000000000
σ(B|A=80) (direct):            9.6000000000
Difference: 1.78e-15

z-score (symbolic→numeric): 0.6666666667
z-score (direct):           0.6666666667
Difference: 7.77e-16

============================================================
VERIFICATION:
============================================================
Monte Carlo (n=352842 samples with |A - 80| < 0.5):
E[B | A ≈ 80] = 83.6187164944
Theoretical E[B | A = 80] = 83.6000000000
Difference: 1.87e-02

σ(B | A ≈ 80) = 9.6087377192
Theoretical σ(B | A = 80) = 9.6000000000
Difference: 8.74e-03

P(B > 90 | A ≈ 80) = 0.2532663345
Theoretical P(B > 90 | A = 80) = 0.2524925375
Difference: 7.74e-04
Check: |difference| < 5e-3: True

============================================================
FINAL ANSWER:
============================================================
P(B > 90 | A = 80) = 1 - Φ(0.6666666667)
                   = 0.2524925375
                   ≈ 0.252493
