============================================================
PROBLEM 3: CLT SAMPLE SIZE
============================================================

Given:
  σ = 3
  ε = 0.3 (half-width of interval)
  Required probability: P(|X̄_n - μ| < 0.3) ≥ 0.95

Using CLT:
  X̄_n ~ N(μ, σ²/n) approximately
  P(|X̄_n - μ| < ε) = P(-ε√n/σ < Z < ε√n/σ) = 2Φ(ε√n/σ) - 1

We need: 2Φ(ε√n/σ) - 1 ≥ 0.95
         2Φ(0.3√n/3) - 1 ≥ 0.95
         Φ(0.1√n) ≥ 0.975

Need Φ(0.1√n) ≥ 0.975
So 0.1√n ≥ Φ⁻¹(0.975) = 1.959964

Solving: 0.1√n ≥ 1.959964
         √n ≥ 19.599640
         n ≥ (1.959964 × 3 / 0.3)² = 384.145882

Smallest integer n: n = 385

============================================================
VERIFICATION
============================================================
n = 384: P(|X̄ - μ| < 0.3) = 2Φ(1.959592) - 1 = 0.94995648 ✗
n = 385: P(|X̄ - μ| < 0.3) = 2Φ(1.962142) - 1 = 0.95025401 ✓
n = 386: P(|X̄ - μ| < 0.3) = 2Φ(1.964688) - 1 = 0.95054967 ✓

Final Answer: n = 385
Check: 0.95025401 ≥ 0.95
