============================================================
PROBLEM 5: BAYESIAN POSTERIOR WITH UNIFORM PRIOR
============================================================

Prior: θ ~ Uniform[0, 1] ≡ Beta(1, 1)
       ξ(θ) = 1 for θ ∈ [0, 1]

Likelihood: P(3 defective out of 8 | θ) = C(8,3) θ³ (1-θ)⁵
           L(θ) ∝ θ³ (1-θ)⁵

Posterior ∝ Prior × Likelihood
          ∝ 1 × θ³ (1-θ)⁵ = θ³ (1-θ)⁵

Recognizing the Beta kernel:
θ³ (1-θ)⁵ = θ^(4-1) (1-θ)^(6-1)

Therefore: θ | data ~ Beta(4, 6)

Normalization: ∫₀¹ θ³ (1-θ)⁵ dθ = B(4,6) = 3!5!/9! = 720/362880 = 0.001984126984126984
             = 1/504

------------------------------------------------------------
POSTERIOR DISTRIBUTION
------------------------------------------------------------

θ | data ~ Beta(4, 6)

Posterior pdf: f(θ | data) = (1/B(4,6)) × θ³ × (1-θ)⁵
             = 504 × θ³ × (1-θ)⁵  for θ ∈ [0, 1]

------------------------------------------------------------
EXPECTED VALUE (POSTERIOR MEAN)
------------------------------------------------------------

For Beta(α, β): E[θ] = α / (α + β)
E[θ | data] = 4 / (4 + 6) = 4/10 = 0.4
            = 2/5

------------------------------------------------------------
VARIANCE (POSTERIOR VARIANCE)
------------------------------------------------------------

For Beta(α, β): Var(θ) = αβ / [(α + β)² (α + β + 1)]
Var(θ | data) = (4 × 6) / [(4 + 6)² × (4 + 6 + 1)]
             = 24 / [100 × 11]
             = 24 / 1100
             = 6/275
             ≈ 0.021818

============================================================
VERIFICATION
============================================================

Using scipy.stats.beta(4, 6):
Mean = 0.40000000 (expected: 0.4)
Var = 0.02181818 (expected: 0.02181818)

Numerical integration:
∫₀¹ θ³(1-θ)⁵ dθ = 0.0019841270 (expected: 0.0019841270)
E[θ] via integration = 0.40000000 (expected: 0.4)

------------------------------------------------------------
SUMMARY
------------------------------------------------------------

Posterior: θ | data ~ Beta(4, 6)
Posterior pdf: f(θ | data) = 504 θ³ (1-θ)⁵ for θ ∈ [0, 1]
Expected mean: E[θ | data] = 2/5 = 0.4
Variance: Var(θ | data) = 2/55 ≈ 0.0364
