============================================================
PROBLEM 6: BAYESIAN POSTERIOR WITH NON-UNIFORM PRIOR
============================================================

Prior: ξ(θ) = 2(1-θ) for θ ∈ (0, 1)
       This is Beta(1, 2)
       Check: Beta(1,2) has pdf = (1/B(1,2)) θ^0 (1-θ)^1 = 2(1-θ) ✓

Likelihood: P(3 defective out of 8 | θ) = C(8,3) θ³ (1-θ)⁵
           L(θ) ∝ θ³ (1-θ)⁵

Posterior ∝ Prior × Likelihood
          ∝ 2(1-θ) × θ³ (1-θ)⁵
          ∝ θ³ (1-θ)⁶

Recognizing the Beta kernel:
θ³ (1-θ)⁶ = θ^(4-1) (1-θ)^(7-1)

Therefore: θ | data ~ Beta(4, 7)

Normalization: ∫₀¹ θ³ (1-θ)⁶ dθ = B(4,7) = 3!6!/10! = 4320/3628800
             = 1/840

------------------------------------------------------------
POSTERIOR DISTRIBUTION
------------------------------------------------------------

θ | data ~ Beta(4, 7)

Posterior pdf: f(θ | data) = (1/B(4,7)) × θ³ × (1-θ)⁶
             = 839 × θ³ × (1-θ)⁶  for θ ∈ (0, 1)

------------------------------------------------------------
ADDITIONAL: MEAN AND VARIANCE (not asked but useful)
------------------------------------------------------------
E[θ | data] = 4 / (4 + 7) = 4/11 ≈ 0.363636
Var(θ | data) = 4×7 / [11² × 12]
             = 28 / 1452
             = 7/363 ≈ 0.019284

============================================================
VERIFICATION
============================================================

Using scipy.stats.beta(4, 7):
Mean = 0.36363636
Var = 0.01928375

Prior check: ∫₀¹ 2(1-θ) dθ = 1.000000 (should be 1)
Posterior normalization: ∫₀¹ θ³(1-θ)⁶ dθ = 0.0011904762
Expected B(4,7) = 0.0011904762
Ratio (should be 1): 1.0000000000

Posterior pdf check: ∫₀¹ 839 θ³(1-θ)⁶ dθ = 0.9988095238 (should be 1)

------------------------------------------------------------
SUMMARY
------------------------------------------------------------

Posterior: θ | data ~ Beta(4, 7)
Posterior pdf: f(θ | data) = 840 θ³ (1-θ)⁶ for θ ∈ (0, 1)
