============================================================
Problem 2: Lognormal Distribution
============================================================

Parameters:
X ~ Lognormal(μ=3, σ²=1.44)
This means: log(X) ~ N(μ=3, σ²=1.44)
σ = √1.44 = 1.2

P(X ≤ 6.05) = P(log(X) ≤ log(6.05))
                     = P(log(X) ≤ 1.8000582720)
                     = Φ((log(6.05) - 3) / 1.2)
                     = Φ((1.8000582720 - 3) / 1.2)
                     = Φ(-0.9999514400)
                     = 0.1586670043

Verification using scipy.stats.lognorm:
P(X ≤ 6.05) = 0.1586670043
Difference: 0.00e+00

============================================================
EXACT SYMBOLIC COMPUTATION:
============================================================
μ = 3
σ² = 36/25 = 36/25
σ = 6/5 = 6/5
x = 121/20
log(x) = log(121/20)
z-score = (log(x) - μ) / σ = -5/2 + 5*log(121/20)/6
        = -5/2 + 5*log(121/20)/6

Numerical verification:
log(6.05) (symbolic→numeric): 1.8000582720
log(6.05) (direct):           1.8000582720
Difference: 0.00e+00

z-score (symbolic→numeric): -0.9999514400
z-score (direct):           -0.9999514400
Difference: 0.00e+00

============================================================
VERIFICATION:
============================================================
Monte Carlo (n=10000000):
P(X ≤ 6.05) = 0.1588280000
Theoretical:          0.1586670043
Difference: 1.61e-04
Check: |difference| < 1e-3: True

Sample statistics:
Mean of X: 41.241049
Theoretical mean: 41.264394
Median of X: 20.071021
Theoretical median: 20.085537

============================================================
FINAL ANSWER:
============================================================
P(X ≤ 6.05) = Φ(-0.9999514400)
            = 0.1586670043
            ≈ 0.158667
