============================================================
PROBLEM 4: CLT DIGIT AVERAGE
============================================================

Single digit X ~ Uniform{0, 1, ..., 9}
E[X] = (0 + 1 + ... + 9) / 10 = 45/10 = 4.5
E[X²] = (0² + 1² + ... + 9²) / 10 = 285/10 = 28.5
Var(X) = E[X²] - (E[X])² = 28.5 - 20.25 = 8.25
σ = √8.25 = √(33/4) = √33/2 ≈ 2.872281

n = 16 digits
X̄₁₆ = (X₁ + X₂ + ... + X₁₆) / 16

By CLT: X̄₁₆ ~ N(4.5, 8.25/16) = N(4.5, 0.515625)
Standard deviation of X̄₁₆ = σ/√n = √33/2 ÷ 4 = √33/8 ≈ 0.718070

P(4 < X̄₁₆ < 6):
Note: Interval [4, 6] is NOT symmetric around μ = 4.5
  4 is 0.5 below the mean
  6 is 1.5 above the mean

Standardize:
  z_low = (4 - 4.5) / 0.718070 = -0.696311
  z_high = (6 - 4.5) / 0.718070 = 2.088932

P(4 < X̄₁₆ < 6) = Φ(2.088932) - Φ(-0.696311)
                = 0.981643 - 0.243117
                = 0.738526

============================================================
EXACT CALCULATION
============================================================

Exact standard deviation:
σ/√n = √33/8

Exact z-values:
z_low = (4 - 4.5) / (√33/8) = -0.5 × 8/√33 = -4/√33
z_high = (6 - 4.5) / (√33/8) = 1.5 × 8/√33 = 12/√33

Numerical: z_low = -4/√33 = -0.69631062
           z_high = 12/√33 = 2.08893187

Final Answer:
P(4 < X̄₁₆ < 6) = Φ(12/√33) - Φ(-4/√33)
               ≈ 0.738526

Alternative form: Φ(12/√33) + Φ(4/√33) - 1
                = 0.981643 + 0.756883 - 1
                = 0.738526

============================================================
VERIFICATION
============================================================
z_low = -0.69631062, z_high = 2.08893187
Φ(z_high) = 0.98164307
Φ(z_low) = 0.24311716
P(4 < X̄ < 6) = 0.73852591
