=== PROBLEM 1 ===
Joint pdf: f(x,y) = c(x^2 + xy) on [0,1] × [0,1]

f(x,y) = c*(x**2 + x*y)

=== Part (a): Find c and joint cdf F(x,y) ===
∫₀¹ ∫₀¹ f(x,y) dx dy = 7*c/12
Setting equal to 1: c = 12/7

Therefore: f(x,y) = 12*x**2/7 + 12*x*y/7

Joint cdf F(x,y) = P(X ≤ x, Y ≤ y):
F(x,y) = 12*x**2*y*(x + y)/7

=== Part (b): Marginal distributions ===
f_X(x) = ∫₀¹ f(x,y) dy = 6*x*(2*x + 1)/7
f_Y(y) = ∫₀¹ f(x,y) dx = 6*y/7 + 4/7

F_X(x) = 6*x**2*(2*x + 1)/7
F_Y(y) = 2*y*(3*y + 2)/7

=== Part (c): E[X] and Var(X) ===
E[X] = ∫₀¹ x * f_X(x) dx = 5/7
E[X²] = ∫₀¹ x² * f_X(x) dx = 39/70
Var(X) = E[X²] - (E[X])² = 23/490

=== Part (d): Covariance and correlation ===
E[Y] = 4/7
E[XY] = 17/42
Cov(X,Y) = E[XY] - E[X]E[Y] = -1/294
Var(Y) = 23/294
Cor(X,Y) = Cov(X,Y) / √(Var(X)Var(Y)) = -sqrt(15)/69

=== Part (e): Independence ===
For independence, we need f(x,y) = f_X(x) * f_Y(y)
f_X(x) * f_Y(y) = 12*x*(2*x + 1)*(3*y + 2)/49
f(x,y) = 12*x**2/7 + 12*x*y/7
f(x,y) - f_X(x)*f_Y(y) = 12*x*(-6*x*y + 3*x + 4*y - 2)/49
X and Y are NOT independent

=== VERIFICATION ===
c = 12/7 = 1.7142857142857142
∫∫ f(x,y) dx dy = 1.0
E[X] = 0.7142857142857143
Var(X) = 0.04693877551020408
Cov(X,Y) = -0.003401360544217687
Cor(X,Y) = -0.05613019342329589
∫ f_X(x) dx = 1.0
∫ f_Y(y) dy = 1.0
All checks passed within tolerance 1e-8
