=== PROBLEM 2: Independence ===
Joint pmf table:
X\Y    1     2     3
1    1/18  1/9   1/6
2    1/9   1/6  1/18
3    1/6  1/18  1/9

Joint pmf P(X=i, Y=j):
P(X=1, Y=1) = 1/18 = 0.055556
P(X=1, Y=2) = 1/9 = 0.111111
P(X=1, Y=3) = 1/6 = 0.166667
P(X=2, Y=1) = 1/9 = 0.111111
P(X=2, Y=2) = 1/6 = 0.166667
P(X=2, Y=3) = 1/18 = 0.055556
P(X=3, Y=1) = 1/6 = 0.166667
P(X=3, Y=2) = 1/18 = 0.055556
P(X=3, Y=3) = 1/9 = 0.111111

Marginal pmf of X:
P(X=1) = 1/3 = 0.333333
P(X=2) = 1/3 = 0.333333
P(X=3) = 1/3 = 0.333333

Marginal pmf of Y:
P(Y=1) = 1/3 = 0.333333
P(Y=2) = 1/3 = 0.333333
P(Y=3) = 1/3 = 0.333333

Independence check: P(X=i, Y=j) vs P(X=i) * P(Y=j)
(1,1): 1/18 vs 1/9 = 0.111111
  ✗ Not equal: 1/18 ≠ 1/9
(1,2): 1/9 vs 1/9 = 0.111111
  ✓ Equal
(1,3): 1/6 vs 1/9 = 0.111111
  ✗ Not equal: 1/6 ≠ 1/9
(2,1): 1/9 vs 1/9 = 0.111111
  ✓ Equal
(2,2): 1/6 vs 1/9 = 0.111111
  ✗ Not equal: 1/6 ≠ 1/9
(2,3): 1/18 vs 1/9 = 0.111111
  ✗ Not equal: 1/18 ≠ 1/9
(3,1): 1/6 vs 1/9 = 0.111111
  ✗ Not equal: 1/6 ≠ 1/9
(3,2): 1/18 vs 1/9 = 0.111111
  ✗ Not equal: 1/18 ≠ 1/9
(3,3): 1/9 vs 1/9 = 0.111111
  ✓ Equal

CONCLUSION: X and Y are NOT INDEPENDENT

=== VERIFICATION ===
Sum of joint pmf: 1 = 1.0
Sum of marginal X: 1 = 1.0
Sum of marginal Y: 1 = 1.0
All sums equal 1 ✓
